!SESSION 2020-03-07 18:23:01.084 -----------------------------------------------
eclipse.buildId=4.10.0.I20181206-0815
java.version=1.8.0_192
java.vendor=Oracle Corporation
BootLoader constants: OS=win32, ARCH=x86_64, WS=win32, NL=ja_JP
Framework arguments:  -product org.eclipse.epp.package.jee.product
Command-line arguments:  -os win32 -ws win32 -arch x86_64 -product org.eclipse.epp.package.jee.product

!ENTRY org.eclipse.jface 2 0 2020-03-07 18:27:48.204
!MESSAGE キーバインドの競合が発生しました。 通常のアクセラレーター操作を妨げる可能性があります。
!SUBENTRY 1 org.eclipse.jface 2 0 2020-03-07 18:27:48.204
!MESSAGE ALT+CTRL+Y の競合が発生しました:
Binding(ALT+CTRL+Y,
	ParameterizedCommand(Command(org.eclipse.swtbot.generator.client.commands.import.code,SWTBot コードのインポート,
		Imports code to editor and removes it from the client recorder view,
		Category(org.eclipse.core.commands.categories.autogenerated,カテゴリーなし,自動生成コマンドかカテゴリーを持たないコマンド,true),
		org.eclipse.ui.internal.WorkbenchHandlerServiceHandler@62a30701,
		,,true),null),
	org.eclipse.ui.defaultAcceleratorConfiguration,
	org.eclipse.ui.contexts.window,,,system)
Binding(ALT+CTRL+Y,
	ParameterizedCommand(Command(org.eclipse.team.svn.revision.graph.command.ShowRevisionGraphCommand,リビジョン・グラフの表示...,
		,
		Category(org.eclipse.team.svn.ui.command.category,SVN,null,true),
		org.eclipse.ui.internal.WorkbenchHandlerServiceHandler@a6017f9,
		,,true),null),
	org.eclipse.ui.defaultAcceleratorConfiguration,
	org.eclipse.ui.contexts.window,,,system)
!SUBENTRY 1 org.eclipse.jface 2 0 2020-03-07 18:27:48.204
!MESSAGE CTRL+SHIFT+T の競合が発生しました:
Binding(CTRL+SHIFT+T,
	ParameterizedCommand(Command(org.eclipse.jdt.ui.navigate.open.type,型を開く,
		型を Java エディターで開きます,
		Category(org.eclipse.ui.category.navigate,ナビゲート,null,true),
		org.eclipse.ui.internal.WorkbenchHandlerServiceHandler@14a204f,
		,,true),null),
	org.eclipse.ui.defaultAcceleratorConfiguration,
	org.eclipse.ui.contexts.window,,,system)
Binding(CTRL+SHIFT+T,
	ParameterizedCommand(Command(org.eclipse.lsp4e.symbolinworkspace,ワークスペース内のシンボルにジャンプ,
		,
		Category(org.eclipse.lsp4e.category,言語サーバー,null,true),
		org.eclipse.ui.internal.WorkbenchHandlerServiceHandler@4dd4a4e,
		,,true),null),
	org.eclipse.ui.defaultAcceleratorConfiguration,
	org.eclipse.ui.contexts.window,,,system)

!ENTRY org.eclipse.jface.text 2 0 2020-03-07 18:27:51.210
!MESSAGE 重複テンプレート ID: 'org.eclipse.wst.xslt.templates.xpath.boolean'

!ENTRY org.python.pydev.shared_core 1 1 2020-03-07 18:27:51.882
!MESSAGE 復元情報: C:/Eclipse/pleiades/python/2/python.exe
!STACK 0
java.lang.RuntimeException: Restoring info for: C:/Eclipse/pleiades/python/2/python.exe
	at org.python.pydev.ast.interpreter_managers.AbstractInterpreterManager.getInterpretersFromPersistedString(AbstractInterpreterManager.java:453)
	at org.python.pydev.ast.interpreter_managers.AbstractInterpreterManager.internalRecreateCacheGetInterpreterInfos(AbstractInterpreterManager.java:279)
	at org.python.pydev.ast.interpreter_managers.AbstractInterpreterManager.getInterpreterInfos(AbstractInterpreterManager.java:266)
	at org.python.pydev.ast.interpreter_managers.AbstractInterpreterManager.<init>(AbstractInterpreterManager.java:176)
	at org.python.pydev.ast.interpreter_managers.PythonInterpreterManager.<init>(PythonInterpreterManager.java:27)
	at org.python.pydev.plugin.PydevPlugin.start(PydevPlugin.java:403)
	at org.eclipse.osgi.internal.framework.BundleContextImpl$3.run(BundleContextImpl.java:782)
	at org.eclipse.osgi.internal.framework.BundleContextImpl$3.run(BundleContextImpl.java:1)
	at java.security.AccessController.doPrivileged(Native Method)
	at org.eclipse.osgi.internal.framework.BundleContextImpl.startActivator(BundleContextImpl.java:775)
	at org.eclipse.osgi.internal.framework.BundleContextImpl.start(BundleContextImpl.java:732)
	at org.eclipse.osgi.internal.framework.EquinoxBundle.startWorker0(EquinoxBundle.java:1005)
	at org.eclipse.osgi.internal.framework.EquinoxBundle$EquinoxModule.startWorker(EquinoxBundle.java:357)
	at org.eclipse.osgi.container.Module.doStart(Module.java:588)
	at org.eclipse.osgi.container.Module.start(Module.java:456)
	at org.eclipse.osgi.framework.util.SecureAction.start(SecureAction.java:471)
	at org.eclipse.osgi.internal.hooks.EclipseLazyStarter.postFindLocalClass(EclipseLazyStarter.java:117)
	at org.eclipse.osgi.internal.loader.classpath.ClasspathManager.findLocalClass(ClasspathManager.java:557)
	at org.eclipse.osgi.internal.loader.ModuleClassLoader.findLocalClass(ModuleClassLoader.java:331)
	at org.eclipse.osgi.internal.loader.BundleLoader.findLocalClass(BundleLoader.java:395)
	at org.eclipse.osgi.internal.loader.BundleLoader.findClassInternal(BundleLoader.java:473)
	at org.eclipse.osgi.internal.loader.BundleLoader.findClass(BundleLoader.java:422)
	at org.eclipse.osgi.internal.loader.BundleLoader.findClass(BundleLoader.java:414)
	at org.eclipse.osgi.internal.loader.ModuleClassLoader.loadClass(ModuleClassLoader.java:153)
	at java.lang.ClassLoader.loadClass(ClassLoader.java:357)
	at org.eclipse.osgi.internal.framework.EquinoxBundle.loadClass(EquinoxBundle.java:612)
	at org.eclipse.core.internal.registry.osgi.RegistryStrategyOSGI.createExecutableExtension(RegistryStrategyOSGI.java:196)
	at org.eclipse.core.internal.registry.ExtensionRegistry.createExecutableExtension(ExtensionRegistry.java:934)
	at org.eclipse.core.internal.registry.ConfigurationElement.createExecutableExtension(ConfigurationElement.java:246)
	at org.eclipse.core.internal.registry.ConfigurationElementHandle.createExecutableExtension(ConfigurationElementHandle.java:63)
	at org.eclipse.ui.internal.registry.PerspectiveDescriptor.createFactory(PerspectiveDescriptor.java:78)
	at org.eclipse.ui.internal.WorkbenchPage.createPerspective(WorkbenchPage.java:4257)
	at org.eclipse.ui.internal.WorkbenchPage.createPerspectiveBarExtras(WorkbenchPage.java:5744)
	at org.eclipse.ui.internal.WorkbenchPage.setup(WorkbenchPage.java:2769)
	at sun.reflect.NativeMethodAccessorImpl.invoke0(Native Method)
	at sun.reflect.NativeMethodAccessorImpl.invoke(NativeMethodAccessorImpl.java:62)
	at sun.reflect.DelegatingMethodAccessorImpl.invoke(DelegatingMethodAccessorImpl.java:43)
	at java.lang.reflect.Method.invoke(Method.java:498)
	at org.eclipse.e4.core.internal.di.MethodRequestor.execute(MethodRequestor.java:58)
	at org.eclipse.e4.core.internal.di.InjectorImpl.processAnnotated(InjectorImpl.java:1001)
	at org.eclipse.e4.core.internal.di.InjectorImpl.internalInject(InjectorImpl.java:139)
	at org.eclipse.e4.core.internal.di.InjectorImpl.inject(InjectorImpl.java:95)
	at org.eclipse.e4.core.contexts.ContextInjectionFactory.inject(ContextInjectionFactory.java:77)
	at org.eclipse.ui.internal.WorkbenchWindow.setup(WorkbenchWindow.java:672)
	at sun.reflect.NativeMethodAccessorImpl.invoke0(Native Method)
	at sun.reflect.NativeMethodAccessorImpl.invoke(NativeMethodAccessorImpl.java:62)
	at sun.reflect.DelegatingMethodAccessorImpl.invoke(DelegatingMethodAccessorImpl.java:43)
	at java.lang.reflect.Method.invoke(Method.java:498)
	at org.eclipse.e4.core.internal.di.MethodRequestor.execute(MethodRequestor.java:58)
	at org.eclipse.e4.core.internal.di.InjectorImpl.processAnnotated(InjectorImpl.java:1001)
	at org.eclipse.e4.core.internal.di.InjectorImpl.internalInject(InjectorImpl.java:139)
	at org.eclipse.e4.core.internal.di.InjectorImpl.inject(InjectorImpl.java:95)
	at org.eclipse.e4.core.contexts.ContextInjectionFactory.inject(ContextInjectionFactory.java:77)
	at org.eclipse.ui.internal.Workbench.createWorkbenchWindow(Workbench.java:1487)
	at org.eclipse.ui.internal.Workbench.getActiveWorkbenchWindow(Workbench.java:1458)
	at org.eclipse.ui.internal.services.WorkbenchSourceProvider.updateActiveShell(WorkbenchSourceProvider.java:910)
	at org.eclipse.ui.internal.services.WorkbenchSourceProvider.getCurrentState(WorkbenchSourceProvider.java:118)
	at org.eclipse.ui.internal.services.WorkbenchSourceProvider.lambda$2(WorkbenchSourceProvider.java:671)
	at org.eclipse.swt.widgets.EventTable.sendEvent(EventTable.java:89)
	at org.eclipse.swt.widgets.Display.filterEvent(Display.java:1193)
	at org.eclipse.swt.widgets.Widget.sendEvent(Widget.java:1054)
	at org.eclipse.swt.widgets.Widget.sendEvent(Widget.java:1079)
	at org.eclipse.swt.widgets.Widget.sendEvent(Widget.java:1064)
	at org.eclipse.swt.widgets.Decorations.WM_ACTIVATE(Decorations.java:1543)
	at org.eclipse.swt.widgets.Shell.WM_ACTIVATE(Shell.java:2193)
	at org.eclipse.swt.widgets.Control.windowProc(Control.java:4765)
	at org.eclipse.swt.widgets.Canvas.windowProc(Canvas.java:348)
	at org.eclipse.swt.widgets.Decorations.windowProc(Decorations.java:1502)
	at org.eclipse.swt.widgets.Shell.windowProc(Shell.java:2153)
	at org.eclipse.swt.widgets.Display.windowProc(Display.java:4770)
	at org.eclipse.swt.internal.win32.OS.BringWindowToTop(Native Method)
	at org.eclipse.swt.widgets.Decorations.bringToTop(Decorations.java:211)
	at org.eclipse.swt.widgets.Shell.open(Shell.java:1263)
	at org.eclipse.e4.ui.workbench.renderers.swt.WBWRenderer.postProcess(WBWRenderer.java:747)
	at org.eclipse.e4.ui.internal.workbench.swt.PartRenderingEngine.safeCreateGui(PartRenderingEngine.java:693)
	at org.eclipse.e4.ui.internal.workbench.swt.PartRenderingEngine.safeCreateGui(PartRenderingEngine.java:781)
	at org.eclipse.e4.ui.internal.workbench.swt.PartRenderingEngine.access$0(PartRenderingEngine.java:752)
	at org.eclipse.e4.ui.internal.workbench.swt.PartRenderingEngine$2.run(PartRenderingEngine.java:746)
	at org.eclipse.core.runtime.SafeRunner.run(SafeRunner.java:45)
	at org.eclipse.e4.ui.internal.workbench.swt.PartRenderingEngine.createGui(PartRenderingEngine.java:730)
	at org.eclipse.e4.ui.internal.workbench.swt.PartRenderingEngine$5.run(PartRenderingEngine.java:1099)
	at org.eclipse.core.databinding.observable.Realm.runWithDefault(Realm.java:339)
	at org.eclipse.e4.ui.internal.workbench.swt.PartRenderingEngine.run(PartRenderingEngine.java:1062)
	at org.eclipse.e4.ui.internal.workbench.E4Workbench.createAndRunUI(E4Workbench.java:156)
	at org.eclipse.ui.internal.Workbench.lambda$3(Workbench.java:636)
	at org.eclipse.core.databinding.observable.Realm.runWithDefault(Realm.java:339)
	at org.eclipse.ui.internal.Workbench.createAndRunWorkbench(Workbench.java:563)
	at org.eclipse.ui.PlatformUI.createAndRunWorkbench(PlatformUI.java:151)
	at org.eclipse.ui.internal.ide.application.IDEApplication.start(IDEApplication.java:155)
	at org.eclipse.equinox.internal.app.EclipseAppHandle.run(EclipseAppHandle.java:203)
	at org.eclipse.core.runtime.internal.adaptor.EclipseAppLauncher.runApplication(EclipseAppLauncher.java:137)
	at org.eclipse.core.runtime.internal.adaptor.EclipseAppLauncher.start(EclipseAppLauncher.java:107)
	at org.eclipse.core.runtime.adaptor.EclipseStarter.run(EclipseStarter.java:400)
	at org.eclipse.core.runtime.adaptor.EclipseStarter.run(EclipseStarter.java:255)
	at sun.reflect.NativeMethodAccessorImpl.invoke0(Native Method)
	at sun.reflect.NativeMethodAccessorImpl.invoke(NativeMethodAccessorImpl.java:62)
	at sun.reflect.DelegatingMethodAccessorImpl.invoke(DelegatingMethodAccessorImpl.java:43)
	at java.lang.reflect.Method.invoke(Method.java:498)
	at org.eclipse.equinox.launcher.Main.invokeFramework(Main.java:659)
	at org.eclipse.equinox.launcher.Main.basicRun(Main.java:595)
	at org.eclipse.equinox.launcher.Main.run(Main.java:1501)
Caused by: java.io.IOException: Expecting: C:\Users\nasud\Desktop\プログラミングの練習\JAVA\KintaiKanri\.metadata\.plugins\org.python.pydev\v1_bk9d5ir1asb2369xhszeqaac1\modulesKeys to exist (and be a file).
	at org.python.pydev.ast.codecompletion.revisited.ModulesManager.loadFromFile(ModulesManager.java:296)
	at org.python.pydev.ast.codecompletion.revisited.SystemModulesManager.load(SystemModulesManager.java:400)
	at org.python.pydev.ast.interpreter_managers.AbstractInterpreterManager.getInterpretersFromPersistedString(AbstractInterpreterManager.java:451)
	... 100 more

!ENTRY org.python.pydev.shared_core 1 1 2020-03-07 18:27:52.616
!MESSAGE Finished restoring information for: C:/Eclipse/pleiades/python/2/python.exe at: C:\Users\nasud\Desktop\プログラミングの練習\JAVA\KintaiKanri\.metadata\.plugins\org.python.pydev\v1_bk9d5ir1asb2369xhszeqaac1
!STACK 0
java.lang.RuntimeException: Finished restoring information for: C:/Eclipse/pleiades/python/2/python.exe at: C:\Users\nasud\Desktop\プログラミングの練習\JAVA\KintaiKanri\.metadata\.plugins\org.python.pydev\v1_bk9d5ir1asb2369xhszeqaac1
	at org.python.pydev.core.log.Log.logInfo(Log.java:45)
	at org.python.pydev.ast.interpreter_managers.AbstractInterpreterManager.getInterpretersFromPersistedString(AbstractInterpreterManager.java:498)
	at org.python.pydev.ast.interpreter_managers.AbstractInterpreterManager.internalRecreateCacheGetInterpreterInfos(AbstractInterpreterManager.java:279)
	at org.python.pydev.ast.interpreter_managers.AbstractInterpreterManager.getInterpreterInfos(AbstractInterpreterManager.java:266)
	at org.python.pydev.ast.interpreter_managers.AbstractInterpreterManager.<init>(AbstractInterpreterManager.java:176)
	at org.python.pydev.ast.interpreter_managers.PythonInterpreterManager.<init>(PythonInterpreterManager.java:27)
	at org.python.pydev.plugin.PydevPlugin.start(PydevPlugin.java:403)
	at org.eclipse.osgi.internal.framework.BundleContextImpl$3.run(BundleContextImpl.java:782)
	at org.eclipse.osgi.internal.framework.BundleContextImpl$3.run(BundleContextImpl.java:1)
	at java.security.AccessController.doPrivileged(Native Method)
	at org.eclipse.osgi.internal.framework.BundleContextImpl.startActivator(BundleContextImpl.java:775)
	at org.eclipse.osgi.internal.framework.BundleContextImpl.start(BundleContextImpl.java:732)
	at org.eclipse.osgi.internal.framework.EquinoxBundle.startWorker0(EquinoxBundle.java:1005)
	at org.eclipse.osgi.internal.framework.EquinoxBundle$EquinoxModule.startWorker(EquinoxBundle.java:357)
	at org.eclipse.osgi.container.Module.doStart(Module.java:588)
	at org.eclipse.osgi.container.Module.start(Module.java:456)
	at org.eclipse.osgi.framework.util.SecureAction.start(SecureAction.java:471)
	at org.eclipse.osgi.internal.hooks.EclipseLazyStarter.postFindLocalClass(EclipseLazyStarter.java:117)
	at org.eclipse.osgi.internal.loader.classpath.ClasspathManager.findLocalClass(ClasspathManager.java:557)
	at org.eclipse.osgi.internal.loader.ModuleClassLoader.findLocalClass(ModuleClassLoader.java:331)
	at org.eclipse.osgi.internal.loader.BundleLoader.findLocalClass(BundleLoader.java:395)
	at org.eclipse.osgi.internal.loader.BundleLoader.findClassInternal(BundleLoader.java:473)
	at org.eclipse.osgi.internal.loader.BundleLoader.findClass(BundleLoader.java:422)
	at org.eclipse.osgi.internal.loader.BundleLoader.findClass(BundleLoader.java:414)
	at org.eclipse.osgi.internal.loader.ModuleClassLoader.loadClass(ModuleClassLoader.java:153)
	at java.lang.ClassLoader.loadClass(ClassLoader.java:357)
	at org.eclipse.osgi.internal.framework.EquinoxBundle.loadClass(EquinoxBundle.java:612)
	at org.eclipse.core.internal.registry.osgi.RegistryStrategyOSGI.createExecutableExtension(RegistryStrategyOSGI.java:196)
	at org.eclipse.core.internal.registry.ExtensionRegistry.createExecutableExtension(ExtensionRegistry.java:934)
	at org.eclipse.core.internal.registry.ConfigurationElement.createExecutableExtension(ConfigurationElement.java:246)
	at org.eclipse.core.internal.registry.ConfigurationElementHandle.createExecutableExtension(ConfigurationElementHandle.java:63)
	at org.eclipse.ui.internal.registry.PerspectiveDescriptor.createFactory(PerspectiveDescriptor.java:78)
	at org.eclipse.ui.internal.WorkbenchPage.createPerspective(WorkbenchPage.java:4257)
	at org.eclipse.ui.internal.WorkbenchPage.createPerspectiveBarExtras(WorkbenchPage.java:5744)
	at org.eclipse.ui.internal.WorkbenchPage.setup(WorkbenchPage.java:2769)
	at sun.reflect.NativeMethodAccessorImpl.invoke0(Native Method)
	at sun.reflect.NativeMethodAccessorImpl.invoke(NativeMethodAccessorImpl.java:62)
	at sun.reflect.DelegatingMethodAccessorImpl.invoke(DelegatingMethodAccessorImpl.java:43)
	at java.lang.reflect.Method.invoke(Method.java:498)
	at org.eclipse.e4.core.internal.di.MethodRequestor.execute(MethodRequestor.java:58)
	at org.eclipse.e4.core.internal.di.InjectorImpl.processAnnotated(InjectorImpl.java:1001)
	at org.eclipse.e4.core.internal.di.InjectorImpl.internalInject(InjectorImpl.java:139)
	at org.eclipse.e4.core.internal.di.InjectorImpl.inject(InjectorImpl.java:95)
	at org.eclipse.e4.core.contexts.ContextInjectionFactory.inject(ContextInjectionFactory.java:77)
	at org.eclipse.ui.internal.WorkbenchWindow.setup(WorkbenchWindow.java:672)
	at sun.reflect.NativeMethodAccessorImpl.invoke0(Native Method)
	at sun.reflect.NativeMethodAccessorImpl.invoke(NativeMethodAccessorImpl.java:62)
	at sun.reflect.DelegatingMethodAccessorImpl.invoke(DelegatingMethodAccessorImpl.java:43)
	at java.lang.reflect.Method.invoke(Method.java:498)
	at org.eclipse.e4.core.internal.di.MethodRequestor.execute(MethodRequestor.java:58)
	at org.eclipse.e4.core.internal.di.InjectorImpl.processAnnotated(InjectorImpl.java:1001)
	at org.eclipse.e4.core.internal.di.InjectorImpl.internalInject(InjectorImpl.java:139)
	at org.eclipse.e4.core.internal.di.InjectorImpl.inject(InjectorImpl.java:95)
	at org.eclipse.e4.core.contexts.ContextInjectionFactory.inject(ContextInjectionFactory.java:77)
	at org.eclipse.ui.internal.Workbench.createWorkbenchWindow(Workbench.java:1487)
	at org.eclipse.ui.internal.Workbench.getActiveWorkbenchWindow(Workbench.java:1458)
	at org.eclipse.ui.internal.services.WorkbenchSourceProvider.updateActiveShell(WorkbenchSourceProvider.java:910)
	at org.eclipse.ui.internal.services.WorkbenchSourceProvider.getCurrentState(WorkbenchSourceProvider.java:118)
	at org.eclipse.ui.internal.services.WorkbenchSourceProvider.lambda$2(WorkbenchSourceProvider.java:671)
	at org.eclipse.swt.widgets.EventTable.sendEvent(EventTable.java:89)
	at org.eclipse.swt.widgets.Display.filterEvent(Display.java:1193)
	at org.eclipse.swt.widgets.Widget.sendEvent(Widget.java:1054)
	at org.eclipse.swt.widgets.Widget.sendEvent(Widget.java:1079)
	at org.eclipse.swt.widgets.Widget.sendEvent(Widget.java:1064)
	at org.eclipse.swt.widgets.Decorations.WM_ACTIVATE(Decorations.java:1543)
	at org.eclipse.swt.widgets.Shell.WM_ACTIVATE(Shell.java:2193)
	at org.eclipse.swt.widgets.Control.windowProc(Control.java:4765)
	at org.eclipse.swt.widgets.Canvas.windowProc(Canvas.java:348)
	at org.eclipse.swt.widgets.Decorations.windowProc(Decorations.java:1502)
	at org.eclipse.swt.widgets.Shell.windowProc(Shell.java:2153)
	at org.eclipse.swt.widgets.Display.windowProc(Display.java:4770)
	at org.eclipse.swt.internal.win32.OS.BringWindowToTop(Native Method)
	at org.eclipse.swt.widgets.Decorations.bringToTop(Decorations.java:211)
	at org.eclipse.swt.widgets.Shell.open(Shell.java:1263)
	at org.eclipse.e4.ui.workbench.renderers.swt.WBWRenderer.postProcess(WBWRenderer.java:747)
	at org.eclipse.e4.ui.internal.workbench.swt.PartRenderingEngine.safeCreateGui(PartRenderingEngine.java:693)
	at org.eclipse.e4.ui.internal.workbench.swt.PartRenderingEngine.safeCreateGui(PartRenderingEngine.java:781)
	at org.eclipse.e4.ui.internal.workbench.swt.PartRenderingEngine.access$0(PartRenderingEngine.java:752)
	at org.eclipse.e4.ui.internal.workbench.swt.PartRenderingEngine$2.run(PartRenderingEngine.java:746)
	at org.eclipse.core.runtime.SafeRunner.run(SafeRunner.java:45)
	at org.eclipse.e4.ui.internal.workbench.swt.PartRenderingEngine.createGui(PartRenderingEngine.java:730)
	at org.eclipse.e4.ui.internal.workbench.swt.PartRenderingEngine$5.run(PartRenderingEngine.java:1099)
	at org.eclipse.core.databinding.observable.Realm.runWithDefault(Realm.java:339)
	at org.eclipse.e4.ui.internal.workbench.swt.PartRenderingEngine.run(PartRenderingEngine.java:1062)
	at org.eclipse.e4.ui.internal.workbench.E4Workbench.createAndRunUI(E4Workbench.java:156)
	at org.eclipse.ui.internal.Workbench.lambda$3(Workbench.java:636)
	at org.eclipse.core.databinding.observable.Realm.runWithDefault(Realm.java:339)
	at org.eclipse.ui.internal.Workbench.createAndRunWorkbench(Workbench.java:563)
	at org.eclipse.ui.PlatformUI.createAndRunWorkbench(PlatformUI.java:151)
	at org.eclipse.ui.internal.ide.application.IDEApplication.start(IDEApplication.java:155)
	at org.eclipse.equinox.internal.app.EclipseAppHandle.run(EclipseAppHandle.java:203)
	at org.eclipse.core.runtime.internal.adaptor.EclipseAppLauncher.runApplication(EclipseAppLauncher.java:137)
	at org.eclipse.core.runtime.internal.adaptor.EclipseAppLauncher.start(EclipseAppLauncher.java:107)
	at org.eclipse.core.runtime.adaptor.EclipseStarter.run(EclipseStarter.java:400)
	at org.eclipse.core.runtime.adaptor.EclipseStarter.run(EclipseStarter.java:255)
	at sun.reflect.NativeMethodAccessorImpl.invoke0(Native Method)
	at sun.reflect.NativeMethodAccessorImpl.invoke(NativeMethodAccessorImpl.java:62)
	at sun.reflect.DelegatingMethodAccessorImpl.invoke(DelegatingMethodAccessorImpl.java:43)
	at java.lang.reflect.Method.invoke(Method.java:498)
	at org.eclipse.equinox.launcher.Main.invokeFramework(Main.java:659)
	at org.eclipse.equinox.launcher.Main.basicRun(Main.java:595)
	at org.eclipse.equinox.launcher.Main.run(Main.java:1501)

!ENTRY org.python.pydev.shared_core 1 1 2020-03-07 18:27:52.632
!MESSAGE 復元情報: C:/Eclipse/pleiades/python/3/python.exe
!STACK 0
java.lang.RuntimeException: Restoring info for: C:/Eclipse/pleiades/python/3/python.exe
	at org.python.pydev.ast.interpreter_managers.AbstractInterpreterManager.getInterpretersFromPersistedString(AbstractInterpreterManager.java:453)
	at org.python.pydev.ast.interpreter_managers.AbstractInterpreterManager.internalRecreateCacheGetInterpreterInfos(AbstractInterpreterManager.java:279)
	at org.python.pydev.ast.interpreter_managers.AbstractInterpreterManager.getInterpreterInfos(AbstractInterpreterManager.java:266)
	at org.python.pydev.ast.interpreter_managers.AbstractInterpreterManager.<init>(AbstractInterpreterManager.java:176)
	at org.python.pydev.ast.interpreter_managers.PythonInterpreterManager.<init>(PythonInterpreterManager.java:27)
	at org.python.pydev.plugin.PydevPlugin.start(PydevPlugin.java:403)
	at org.eclipse.osgi.internal.framework.BundleContextImpl$3.run(BundleContextImpl.java:782)
	at org.eclipse.osgi.internal.framework.BundleContextImpl$3.run(BundleContextImpl.java:1)
	at java.security.AccessController.doPrivileged(Native Method)
	at org.eclipse.osgi.internal.framework.BundleContextImpl.startActivator(BundleContextImpl.java:775)
	at org.eclipse.osgi.internal.framework.BundleContextImpl.start(BundleContextImpl.java:732)
	at org.eclipse.osgi.internal.framework.EquinoxBundle.startWorker0(EquinoxBundle.java:1005)
	at org.eclipse.osgi.internal.framework.EquinoxBundle$EquinoxModule.startWorker(EquinoxBundle.java:357)
	at org.eclipse.osgi.container.Module.doStart(Module.java:588)
	at org.eclipse.osgi.container.Module.start(Module.java:456)
	at org.eclipse.osgi.framework.util.SecureAction.start(SecureAction.java:471)
	at org.eclipse.osgi.internal.hooks.EclipseLazyStarter.postFindLocalClass(EclipseLazyStarter.java:117)
	at org.eclipse.osgi.internal.loader.classpath.ClasspathManager.findLocalClass(ClasspathManager.java:557)
	at org.eclipse.osgi.internal.loader.ModuleClassLoader.findLocalClass(ModuleClassLoader.java:331)
	at org.eclipse.osgi.internal.loader.BundleLoader.findLocalClass(BundleLoader.java:395)
	at org.eclipse.osgi.internal.loader.BundleLoader.findClassInternal(BundleLoader.java:473)
	at org.eclipse.osgi.internal.loader.BundleLoader.findClass(BundleLoader.java:422)
	at org.eclipse.osgi.internal.loader.BundleLoader.findClass(BundleLoader.java:414)
	at org.eclipse.osgi.internal.loader.ModuleClassLoader.loadClass(ModuleClassLoader.java:153)
	at java.lang.ClassLoader.loadClass(ClassLoader.java:357)
	at org.eclipse.osgi.internal.framework.EquinoxBundle.loadClass(EquinoxBundle.java:612)
	at org.eclipse.core.internal.registry.osgi.RegistryStrategyOSGI.createExecutableExtension(RegistryStrategyOSGI.java:196)
	at org.eclipse.core.internal.registry.ExtensionRegistry.createExecutableExtension(ExtensionRegistry.java:934)
	at org.eclipse.core.internal.registry.ConfigurationElement.createExecutableExtension(ConfigurationElement.java:246)
	at org.eclipse.core.internal.registry.ConfigurationElementHandle.createExecutableExtension(ConfigurationElementHandle.java:63)
	at org.eclipse.ui.internal.registry.PerspectiveDescriptor.createFactory(PerspectiveDescriptor.java:78)
	at org.eclipse.ui.internal.WorkbenchPage.createPerspective(WorkbenchPage.java:4257)
	at org.eclipse.ui.internal.WorkbenchPage.createPerspectiveBarExtras(WorkbenchPage.java:5744)
	at org.eclipse.ui.internal.WorkbenchPage.setup(WorkbenchPage.java:2769)
	at sun.reflect.NativeMethodAccessorImpl.invoke0(Native Method)
	at sun.reflect.NativeMethodAccessorImpl.invoke(NativeMethodAccessorImpl.java:62)
	at sun.reflect.DelegatingMethodAccessorImpl.invoke(DelegatingMethodAccessorImpl.java:43)
	at java.lang.reflect.Method.invoke(Method.java:498)
	at org.eclipse.e4.core.internal.di.MethodRequestor.execute(MethodRequestor.java:58)
	at org.eclipse.e4.core.internal.di.InjectorImpl.processAnnotated(InjectorImpl.java:1001)
	at org.eclipse.e4.core.internal.di.InjectorImpl.internalInject(InjectorImpl.java:139)
	at org.eclipse.e4.core.internal.di.InjectorImpl.inject(InjectorImpl.java:95)
	at org.eclipse.e4.core.contexts.ContextInjectionFactory.inject(ContextInjectionFactory.java:77)
	at org.eclipse.ui.internal.WorkbenchWindow.setup(WorkbenchWindow.java:672)
	at sun.reflect.NativeMethodAccessorImpl.invoke0(Native Method)
	at sun.reflect.NativeMethodAccessorImpl.invoke(NativeMethodAccessorImpl.java:62)
	at sun.reflect.DelegatingMethodAccessorImpl.invoke(DelegatingMethodAccessorImpl.java:43)
	at java.lang.reflect.Method.invoke(Method.java:498)
	at org.eclipse.e4.core.internal.di.MethodRequestor.execute(MethodRequestor.java:58)
	at org.eclipse.e4.core.internal.di.InjectorImpl.processAnnotated(InjectorImpl.java:1001)
	at org.eclipse.e4.core.internal.di.InjectorImpl.internalInject(InjectorImpl.java:139)
	at org.eclipse.e4.core.internal.di.InjectorImpl.inject(InjectorImpl.java:95)
	at org.eclipse.e4.core.contexts.ContextInjectionFactory.inject(ContextInjectionFactory.java:77)
	at org.eclipse.ui.internal.Workbench.createWorkbenchWindow(Workbench.java:1487)
	at org.eclipse.ui.internal.Workbench.getActiveWorkbenchWindow(Workbench.java:1458)
	at org.eclipse.ui.internal.services.WorkbenchSourceProvider.updateActiveShell(WorkbenchSourceProvider.java:910)
	at org.eclipse.ui.internal.services.WorkbenchSourceProvider.getCurrentState(WorkbenchSourceProvider.java:118)
	at org.eclipse.ui.internal.services.WorkbenchSourceProvider.lambda$2(WorkbenchSourceProvider.java:671)
	at org.eclipse.swt.widgets.EventTable.sendEvent(EventTable.java:89)
	at org.eclipse.swt.widgets.Display.filterEvent(Display.java:1193)
	at org.eclipse.swt.widgets.Widget.sendEvent(Widget.java:1054)
	at org.eclipse.swt.widgets.Widget.sendEvent(Widget.java:1079)
	at org.eclipse.swt.widgets.Widget.sendEvent(Widget.java:1064)
	at org.eclipse.swt.widgets.Decorations.WM_ACTIVATE(Decorations.java:1543)
	at org.eclipse.swt.widgets.Shell.WM_ACTIVATE(Shell.java:2193)
	at org.eclipse.swt.widgets.Control.windowProc(Control.java:4765)
	at org.eclipse.swt.widgets.Canvas.windowProc(Canvas.java:348)
	at org.eclipse.swt.widgets.Decorations.windowProc(Decorations.java:1502)
	at org.eclipse.swt.widgets.Shell.windowProc(Shell.java:2153)
	at org.eclipse.swt.widgets.Display.windowProc(Display.java:4770)
	at org.eclipse.swt.internal.win32.OS.BringWindowToTop(Native Method)
	at org.eclipse.swt.widgets.Decorations.bringToTop(Decorations.java:211)
	at org.eclipse.swt.widgets.Shell.open(Shell.java:1263)
	at org.eclipse.e4.ui.workbench.renderers.swt.WBWRenderer.postProcess(WBWRenderer.java:747)
	at org.eclipse.e4.ui.internal.workbench.swt.PartRenderingEngine.safeCreateGui(PartRenderingEngine.java:693)
	at org.eclipse.e4.ui.internal.workbench.swt.PartRenderingEngine.safeCreateGui(PartRenderingEngine.java:781)
	at org.eclipse.e4.ui.internal.workbench.swt.PartRenderingEngine.access$0(PartRenderingEngine.java:752)
	at org.eclipse.e4.ui.internal.workbench.swt.PartRenderingEngine$2.run(PartRenderingEngine.java:746)
	at org.eclipse.core.runtime.SafeRunner.run(SafeRunner.java:45)
	at org.eclipse.e4.ui.internal.workbench.swt.PartRenderingEngine.createGui(PartRenderingEngine.java:730)
	at org.eclipse.e4.ui.internal.workbench.swt.PartRenderingEngine$5.run(PartRenderingEngine.java:1099)
	at org.eclipse.core.databinding.observable.Realm.runWithDefault(Realm.java:339)
	at org.eclipse.e4.ui.internal.workbench.swt.PartRenderingEngine.run(PartRenderingEngine.java:1062)
	at org.eclipse.e4.ui.internal.workbench.E4Workbench.createAndRunUI(E4Workbench.java:156)
	at org.eclipse.ui.internal.Workbench.lambda$3(Workbench.java:636)
	at org.eclipse.core.databinding.observable.Realm.runWithDefault(Realm.java:339)
	at org.eclipse.ui.internal.Workbench.createAndRunWorkbench(Workbench.java:563)
	at org.eclipse.ui.PlatformUI.createAndRunWorkbench(PlatformUI.java:151)
	at org.eclipse.ui.internal.ide.application.IDEApplication.start(IDEApplication.java:155)
	at org.eclipse.equinox.internal.app.EclipseAppHandle.run(EclipseAppHandle.java:203)
	at org.eclipse.core.runtime.internal.adaptor.EclipseAppLauncher.runApplication(EclipseAppLauncher.java:137)
	at org.eclipse.core.runtime.internal.adaptor.EclipseAppLauncher.start(EclipseAppLauncher.java:107)
	at org.eclipse.core.runtime.adaptor.EclipseStarter.run(EclipseStarter.java:400)
	at org.eclipse.core.runtime.adaptor.EclipseStarter.run(EclipseStarter.java:255)
	at sun.reflect.NativeMethodAccessorImpl.invoke0(Native Method)
	at sun.reflect.NativeMethodAccessorImpl.invoke(NativeMethodAccessorImpl.java:62)
	at sun.reflect.DelegatingMethodAccessorImpl.invoke(DelegatingMethodAccessorImpl.java:43)
	at java.lang.reflect.Method.invoke(Method.java:498)
	at org.eclipse.equinox.launcher.Main.invokeFramework(Main.java:659)
	at org.eclipse.equinox.launcher.Main.basicRun(Main.java:595)
	at org.eclipse.equinox.launcher.Main.run(Main.java:1501)
Caused by: java.io.IOException: Expecting: C:\Users\nasud\Desktop\プログラミングの練習\JAVA\KintaiKanri\.metadata\.plugins\org.python.pydev\v1_8duv7omhn6ranyou4bbflibb0\modulesKeys to exist (and be a file).
	at org.python.pydev.ast.codecompletion.revisited.ModulesManager.loadFromFile(ModulesManager.java:296)
	at org.python.pydev.ast.codecompletion.revisited.SystemModulesManager.load(SystemModulesManager.java:400)
	at org.python.pydev.ast.interpreter_managers.AbstractInterpreterManager.getInterpretersFromPersistedString(AbstractInterpreterManager.java:451)
	... 100 more

!ENTRY org.python.pydev.shared_core 1 1 2020-03-07 18:27:53.587
!MESSAGE Finished restoring information for: C:/Eclipse/pleiades/python/3/python.exe at: C:\Users\nasud\Desktop\プログラミングの練習\JAVA\KintaiKanri\.metadata\.plugins\org.python.pydev\v1_8duv7omhn6ranyou4bbflibb0
!STACK 0
java.lang.RuntimeException: Finished restoring information for: C:/Eclipse/pleiades/python/3/python.exe at: C:\Users\nasud\Desktop\プログラミングの練習\JAVA\KintaiKanri\.metadata\.plugins\org.python.pydev\v1_8duv7omhn6ranyou4bbflibb0
	at org.python.pydev.core.log.Log.logInfo(Log.java:45)
	at org.python.pydev.ast.interpreter_managers.AbstractInterpreterManager.getInterpretersFromPersistedString(AbstractInterpreterManager.java:498)
	at org.python.pydev.ast.interpreter_managers.AbstractInterpreterManager.internalRecreateCacheGetInterpreterInfos(AbstractInterpreterManager.java:279)
	at org.python.pydev.ast.interpreter_managers.AbstractInterpreterManager.getInterpreterInfos(AbstractInterpreterManager.java:266)
	at org.python.pydev.ast.interpreter_managers.AbstractInterpreterManager.<init>(AbstractInterpreterManager.java:176)
	at org.python.pydev.ast.interpreter_managers.PythonInterpreterManager.<init>(PythonInterpreterManager.java:27)
	at org.python.pydev.plugin.PydevPlugin.start(PydevPlugin.java:403)
	at org.eclipse.osgi.internal.framework.BundleContextImpl$3.run(BundleContextImpl.java:782)
	at org.eclipse.osgi.internal.framework.BundleContextImpl$3.run(BundleContextImpl.java:1)
	at java.security.AccessController.doPrivileged(Native Method)
	at org.eclipse.osgi.internal.framework.BundleContextImpl.startActivator(BundleContextImpl.java:775)
	at org.eclipse.osgi.internal.framework.BundleContextImpl.start(BundleContextImpl.java:732)
	at org.eclipse.osgi.internal.framework.EquinoxBundle.startWorker0(EquinoxBundle.java:1005)
	at org.eclipse.osgi.internal.framework.EquinoxBundle$EquinoxModule.startWorker(EquinoxBundle.java:357)
	at org.eclipse.osgi.container.Module.doStart(Module.java:588)
	at org.eclipse.osgi.container.Module.start(Module.java:456)
	at org.eclipse.osgi.framework.util.SecureAction.start(SecureAction.java:471)
	at org.eclipse.osgi.internal.hooks.EclipseLazyStarter.postFindLocalClass(EclipseLazyStarter.java:117)
	at org.eclipse.osgi.internal.loader.classpath.ClasspathManager.findLocalClass(ClasspathManager.java:557)
	at org.eclipse.osgi.internal.loader.ModuleClassLoader.findLocalClass(ModuleClassLoader.java:331)
	at org.eclipse.osgi.internal.loader.BundleLoader.findLocalClass(BundleLoader.java:395)
	at org.eclipse.osgi.internal.loader.BundleLoader.findClassInternal(BundleLoader.java:473)
	at org.eclipse.osgi.internal.loader.BundleLoader.findClass(BundleLoader.java:422)
	at org.eclipse.osgi.internal.loader.BundleLoader.findClass(BundleLoader.java:414)
	at org.eclipse.osgi.internal.loader.ModuleClassLoader.loadClass(ModuleClassLoader.java:153)
	at java.lang.ClassLoader.loadClass(ClassLoader.java:357)
	at org.eclipse.osgi.internal.framework.EquinoxBundle.loadClass(EquinoxBundle.java:612)
	at org.eclipse.core.internal.registry.osgi.RegistryStrategyOSGI.createExecutableExtension(RegistryStrategyOSGI.java:196)
	at org.eclipse.core.internal.registry.ExtensionRegistry.createExecutableExtension(ExtensionRegistry.java:934)
	at org.eclipse.core.internal.registry.ConfigurationElement.createExecutableExtension(ConfigurationElement.java:246)
	at org.eclipse.core.internal.registry.ConfigurationElementHandle.createExecutableExtension(ConfigurationElementHandle.java:63)
	at org.eclipse.ui.internal.registry.PerspectiveDescriptor.createFactory(PerspectiveDescriptor.java:78)
	at org.eclipse.ui.internal.WorkbenchPage.createPerspective(WorkbenchPage.java:4257)
	at org.eclipse.ui.internal.WorkbenchPage.createPerspectiveBarExtras(WorkbenchPage.java:5744)
	at org.eclipse.ui.internal.WorkbenchPage.setup(WorkbenchPage.java:2769)
	at sun.reflect.NativeMethodAccessorImpl.invoke0(Native Method)
	at sun.reflect.NativeMethodAccessorImpl.invoke(NativeMethodAccessorImpl.java:62)
	at sun.reflect.DelegatingMethodAccessorImpl.invoke(DelegatingMethodAccessorImpl.java:43)
	at java.lang.reflect.Method.invoke(Method.java:498)
	at org.eclipse.e4.core.internal.di.MethodRequestor.execute(MethodRequestor.java:58)
	at org.eclipse.e4.core.internal.di.InjectorImpl.processAnnotated(InjectorImpl.java:1001)
	at org.eclipse.e4.core.internal.di.InjectorImpl.internalInject(InjectorImpl.java:139)
	at org.eclipse.e4.core.internal.di.InjectorImpl.inject(InjectorImpl.java:95)
	at org.eclipse.e4.core.contexts.ContextInjectionFactory.inject(ContextInjectionFactory.java:77)
	at org.eclipse.ui.internal.WorkbenchWindow.setup(WorkbenchWindow.java:672)
	at sun.reflect.NativeMethodAccessorImpl.invoke0(Native Method)
	at sun.reflect.NativeMethodAccessorImpl.invoke(NativeMethodAccessorImpl.java:62)
	at sun.reflect.DelegatingMethodAccessorImpl.invoke(DelegatingMethodAccessorImpl.java:43)
	at java.lang.reflect.Method.invoke(Method.java:498)
	at org.eclipse.e4.core.internal.di.MethodRequestor.execute(MethodRequestor.java:58)
	at org.eclipse.e4.core.internal.di.InjectorImpl.processAnnotated(InjectorImpl.java:1001)
	at org.eclipse.e4.core.internal.di.InjectorImpl.internalInject(InjectorImpl.java:139)
	at org.eclipse.e4.core.internal.di.InjectorImpl.inject(InjectorImpl.java:95)
	at org.eclipse.e4.core.contexts.ContextInjectionFactory.inject(ContextInjectionFactory.java:77)
	at org.eclipse.ui.internal.Workbench.createWorkbenchWindow(Workbench.java:1487)
	at org.eclipse.ui.internal.Workbench.getActiveWorkbenchWindow(Workbench.java:1458)
	at org.eclipse.ui.internal.services.WorkbenchSourceProvider.updateActiveShell(WorkbenchSourceProvider.java:910)
	at org.eclipse.ui.internal.services.WorkbenchSourceProvider.getCurrentState(WorkbenchSourceProvider.java:118)
	at org.eclipse.ui.internal.services.WorkbenchSourceProvider.lambda$2(WorkbenchSourceProvider.java:671)
	at org.eclipse.swt.widgets.EventTable.sendEvent(EventTable.java:89)
	at org.eclipse.swt.widgets.Display.filterEvent(Display.java:1193)
	at org.eclipse.swt.widgets.Widget.sendEvent(Widget.java:1054)
	at org.eclipse.swt.widgets.Widget.sendEvent(Widget.java:1079)
	at org.eclipse.swt.widgets.Widget.sendEvent(Widget.java:1064)
	at org.eclipse.swt.widgets.Decorations.WM_ACTIVATE(Decorations.java:1543)
	at org.eclipse.swt.widgets.Shell.WM_ACTIVATE(Shell.java:2193)
	at org.eclipse.swt.widgets.Control.windowProc(Control.java:4765)
	at org.eclipse.swt.widgets.Canvas.windowProc(Canvas.java:348)
	at org.eclipse.swt.widgets.Decorations.windowProc(Decorations.java:1502)
	at org.eclipse.swt.widgets.Shell.windowProc(Shell.java:2153)
	at org.eclipse.swt.widgets.Display.windowProc(Display.java:4770)
	at org.eclipse.swt.internal.win32.OS.BringWindowToTop(Native Method)
	at org.eclipse.swt.widgets.Decorations.bringToTop(Decorations.java:211)
	at org.eclipse.swt.widgets.Shell.open(Shell.java:1263)
	at org.eclipse.e4.ui.workbench.renderers.swt.WBWRenderer.postProcess(WBWRenderer.java:747)
	at org.eclipse.e4.ui.internal.workbench.swt.PartRenderingEngine.safeCreateGui(PartRenderingEngine.java:693)
	at org.eclipse.e4.ui.internal.workbench.swt.PartRenderingEngine.safeCreateGui(PartRenderingEngine.java:781)
	at org.eclipse.e4.ui.internal.workbench.swt.PartRenderingEngine.access$0(PartRenderingEngine.java:752)
	at org.eclipse.e4.ui.internal.workbench.swt.PartRenderingEngine$2.run(PartRenderingEngine.java:746)
	at org.eclipse.core.runtime.SafeRunner.run(SafeRunner.java:45)
	at org.eclipse.e4.ui.internal.workbench.swt.PartRenderingEngine.createGui(PartRenderingEngine.java:730)
	at org.eclipse.e4.ui.internal.workbench.swt.PartRenderingEngine$5.run(PartRenderingEngine.java:1099)
	at org.eclipse.core.databinding.observable.Realm.runWithDefault(Realm.java:339)
	at org.eclipse.e4.ui.internal.workbench.swt.PartRenderingEngine.run(PartRenderingEngine.java:1062)
	at org.eclipse.e4.ui.internal.workbench.E4Workbench.createAndRunUI(E4Workbench.java:156)
	at org.eclipse.ui.internal.Workbench.lambda$3(Workbench.java:636)
	at org.eclipse.core.databinding.observable.Realm.runWithDefault(Realm.java:339)
	at org.eclipse.ui.internal.Workbench.createAndRunWorkbench(Workbench.java:563)
	at org.eclipse.ui.PlatformUI.createAndRunWorkbench(PlatformUI.java:151)
	at org.eclipse.ui.internal.ide.application.IDEApplication.start(IDEApplication.java:155)
	at org.eclipse.equinox.internal.app.EclipseAppHandle.run(EclipseAppHandle.java:203)
	at org.eclipse.core.runtime.internal.adaptor.EclipseAppLauncher.runApplication(EclipseAppLauncher.java:137)
	at org.eclipse.core.runtime.internal.adaptor.EclipseAppLauncher.start(EclipseAppLauncher.java:107)
	at org.eclipse.core.runtime.adaptor.EclipseStarter.run(EclipseStarter.java:400)
	at org.eclipse.core.runtime.adaptor.EclipseStarter.run(EclipseStarter.java:255)
	at sun.reflect.NativeMethodAccessorImpl.invoke0(Native Method)
	at sun.reflect.NativeMethodAccessorImpl.invoke(NativeMethodAccessorImpl.java:62)
	at sun.reflect.DelegatingMethodAccessorImpl.invoke(DelegatingMethodAccessorImpl.java:43)
	at java.lang.reflect.Method.invoke(Method.java:498)
	at org.eclipse.equinox.launcher.Main.invokeFramework(Main.java:659)
	at org.eclipse.equinox.launcher.Main.basicRun(Main.java:595)
	at org.eclipse.equinox.launcher.Main.run(Main.java:1501)

!ENTRY org.eclipse.jface.text 2 0 2020-03-07 18:27:59.962
!MESSAGE 重複テンプレート ID: 'org.eclipse.wst.xslt.templates.xpath.boolean'

!ENTRY org.eclipse.launchbar.core 2 0 2020-03-07 18:28:01.509
!MESSAGE Enablement expression is missing for config provider for org.eclipse.cdt.arduino.core.descriptorType

!ENTRY org.eclipse.launchbar.core 2 0 2020-03-07 18:28:01.524
!MESSAGE Enablement expression is missing for descriptor type org.eclipse.cdt.debug.core.coreBuildDescriptorType

!ENTRY org.eclipse.launchbar.core 2 0 2020-03-07 18:28:01.556
!MESSAGE Enablement expression is missing for config provider for org.eclipse.cdt.debug.core.coreBuildDescriptorType

!ENTRY org.python.pydev.shared_core 1 1 2020-03-07 18:28:01.571
!MESSAGE 存在しないファイルを追跡できません: C:\Eclipse\pleiades\python\2\lib\plat-win
!STACK 0
java.lang.RuntimeException: Unable to track file that does not exist: C:\Eclipse\pleiades\python\2\lib\plat-win
	at org.python.pydev.shared_core.log.Log.logInfo(Log.java:54)
	at org.python.pydev.shared_core.path_watch.PathWatch.track(PathWatch.java:316)
	at org.python.pydev.ast.codecompletion.revisited.SyncSystemModulesManagerScheduler.afterSetInfos(SyncSystemModulesManagerScheduler.java:459)
	at org.python.pydev.ast.codecompletion.revisited.SyncSystemModulesManagerScheduler.afterSetInfos(SyncSystemModulesManagerScheduler.java:440)
	at org.python.pydev.ast.codecompletion.revisited.SyncSystemModulesManagerScheduler.registerInterpreterManager(SyncSystemModulesManagerScheduler.java:66)
	at org.python.pydev.ast.codecompletion.revisited.SyncSystemModulesManagerScheduler.start(SyncSystemModulesManagerScheduler.java:88)
	at org.python.pydev.plugin.PydevPlugin$1.run(PydevPlugin.java:158)
	at org.eclipse.core.internal.jobs.Worker.run(Worker.java:63)

!ENTRY org.eclipse.launchbar.core 2 0 2020-03-07 18:28:01.603
!MESSAGE Enablement expression is missing for config provider for org.eclipse.cdt.debug.core.coreBuildDescriptorType

!ENTRY org.eclipse.launchbar.core 2 0 2020-03-07 18:28:01.634
!MESSAGE Enablement expression is missing for config provider for org.eclipse.cdt.debug.core.coreBuildDescriptorType

!ENTRY org.eclipse.launchbar.core 2 0 2020-03-07 18:28:01.681
!MESSAGE Enablement expression is missing for config provider for org.eclipse.cdt.debug.core.coreBuildDescriptorType

!ENTRY org.python.pydev.shared_core 4 4 2020-03-07 18:28:18.263
!MESSAGE Info: Rebuilding internal caches: C:\Users\nasud\Desktop\プログラミングの練習\JAVA\KintaiKanri\.metadata\.plugins\com.python.pydev.analysis\python_v1_bk9d5ir1asb2369xhszeqaac1\python.pydevsysteminfo (Expected error to be provided and got no error!)

!ENTRY org.eclipse.core.jobs 2 2 2020-03-07 18:28:26.175
!MESSAGE Job found still running after platform shutdown.  Jobs should be canceled by the plugin that scheduled them during shutdown: org.python.pydev.ast.codecompletion.revisited.SyncSystemModulesManager$JobApplyChanges
!SESSION 2020-03-07 20:15:49.380 -----------------------------------------------
eclipse.buildId=4.10.0.I20181206-0815
java.version=1.8.0_192
java.vendor=Oracle Corporation
BootLoader constants: OS=win32, ARCH=x86_64, WS=win32, NL=ja_JP
Framework arguments:  -product org.eclipse.epp.package.jee.product
Command-line arguments:  -os win32 -ws win32 -arch x86_64 -product org.eclipse.epp.package.jee.product

!ENTRY org.eclipse.jface 2 0 2020-03-07 20:16:25.064
!MESSAGE キーバインドの競合が発生しました。 通常のアクセラレーター操作を妨げる可能性があります。
!SUBENTRY 1 org.eclipse.jface 2 0 2020-03-07 20:16:25.064
!MESSAGE ALT+CTRL+Y の競合が発生しました:
Binding(ALT+CTRL+Y,
	ParameterizedCommand(Command(org.eclipse.swtbot.generator.client.commands.import.code,SWTBot コードのインポート,
		Imports code to editor and removes it from the client recorder view,
		Category(org.eclipse.core.commands.categories.autogenerated,カテゴリーなし,自動生成コマンドかカテゴリーを持たないコマンド,true),
		org.eclipse.ui.internal.WorkbenchHandlerServiceHandler@28089256,
		,,true),null),
	org.eclipse.ui.defaultAcceleratorConfiguration,
	org.eclipse.ui.contexts.window,,,system)
Binding(ALT+CTRL+Y,
	ParameterizedCommand(Command(org.eclipse.team.svn.revision.graph.command.ShowRevisionGraphCommand,リビジョン・グラフの表示...,
		,
		Category(org.eclipse.team.svn.ui.command.category,SVN,null,true),
		org.eclipse.ui.internal.WorkbenchHandlerServiceHandler@3625110e,
		,,true),null),
	org.eclipse.ui.defaultAcceleratorConfiguration,
	org.eclipse.ui.contexts.window,,,system)
!SUBENTRY 1 org.eclipse.jface 2 0 2020-03-07 20:16:25.064
!MESSAGE CTRL+SHIFT+T の競合が発生しました:
Binding(CTRL+SHIFT+T,
	ParameterizedCommand(Command(org.eclipse.jdt.ui.navigate.open.type,型を開く,
		型を Java エディターで開きます,
		Category(org.eclipse.ui.category.navigate,ナビゲート,null,true),
		org.eclipse.ui.internal.WorkbenchHandlerServiceHandler@6e6d4a64,
		,,true),null),
	org.eclipse.ui.defaultAcceleratorConfiguration,
	org.eclipse.ui.contexts.window,,,system)
Binding(CTRL+SHIFT+T,
	ParameterizedCommand(Command(org.eclipse.lsp4e.symbolinworkspace,ワークスペース内のシンボルにジャンプ,
		,
		Category(org.eclipse.lsp4e.category,言語サーバー,null,true),
		org.eclipse.ui.internal.WorkbenchHandlerServiceHandler@b96101b,
		,,true),null),
	org.eclipse.ui.defaultAcceleratorConfiguration,
	org.eclipse.ui.contexts.window,,,system)

!ENTRY org.eclipse.jface.text 2 0 2020-03-07 20:16:27.251
!MESSAGE 重複テンプレート ID: 'org.eclipse.wst.xslt.templates.xpath.boolean'

!ENTRY org.eclipse.launchbar.core 2 0 2020-03-07 20:16:29.360
!MESSAGE Enablement expression is missing for config provider for org.eclipse.cdt.arduino.core.descriptorType

!ENTRY org.eclipse.launchbar.core 2 0 2020-03-07 20:16:29.376
!MESSAGE Enablement expression is missing for descriptor type org.eclipse.cdt.debug.core.coreBuildDescriptorType

!ENTRY org.eclipse.launchbar.core 2 0 2020-03-07 20:16:29.407
!MESSAGE Enablement expression is missing for config provider for org.eclipse.cdt.debug.core.coreBuildDescriptorType

!ENTRY org.eclipse.launchbar.core 2 0 2020-03-07 20:16:29.454
!MESSAGE Enablement expression is missing for config provider for org.eclipse.cdt.debug.core.coreBuildDescriptorType

!ENTRY org.eclipse.launchbar.core 2 0 2020-03-07 20:16:29.469
!MESSAGE Enablement expression is missing for config provider for org.eclipse.cdt.debug.core.coreBuildDescriptorType

!ENTRY org.eclipse.launchbar.core 2 0 2020-03-07 20:16:29.501
!MESSAGE Enablement expression is missing for config provider for org.eclipse.cdt.debug.core.coreBuildDescriptorType

!ENTRY org.eclipse.php.debug.core 4 4 2020-03-07 20:16:31.944
!MESSAGE The debug port 9000 is in use. Please select a different port for the debugger.

!ENTRY org.eclipse.php.debug.core 4 4 2020-03-07 20:16:31.955
!MESSAGE Could not open a broadcast port on: 20080 (port might be in use). Please select a different port number

!ENTRY org.eclipse.php.debug.core 4 4 2020-03-07 20:16:31.969
!MESSAGE The debug port 10137 is in use. Please select a different port for the debugger.

!ENTRY org.python.pydev.shared_core 1 1 2020-03-07 20:16:32.588
!MESSAGE 存在しないファイルを追跡できません: C:\Eclipse\pleiades\python\2\lib\plat-win
!STACK 0
java.lang.RuntimeException: Unable to track file that does not exist: C:\Eclipse\pleiades\python\2\lib\plat-win
	at org.python.pydev.shared_core.log.Log.logInfo(Log.java:54)
	at org.python.pydev.shared_core.path_watch.PathWatch.track(PathWatch.java:316)
	at org.python.pydev.ast.codecompletion.revisited.SyncSystemModulesManagerScheduler.afterSetInfos(SyncSystemModulesManagerScheduler.java:459)
	at org.python.pydev.ast.codecompletion.revisited.SyncSystemModulesManagerScheduler.afterSetInfos(SyncSystemModulesManagerScheduler.java:440)
	at org.python.pydev.ast.codecompletion.revisited.SyncSystemModulesManagerScheduler.registerInterpreterManager(SyncSystemModulesManagerScheduler.java:66)
	at org.python.pydev.ast.codecompletion.revisited.SyncSystemModulesManagerScheduler.start(SyncSystemModulesManagerScheduler.java:88)
	at org.python.pydev.plugin.PydevPlugin$1.run(PydevPlugin.java:158)
	at org.eclipse.core.internal.jobs.Worker.run(Worker.java:63)
!SESSION 2020-03-08 15:50:51.046 -----------------------------------------------
eclipse.buildId=4.10.0.I20181206-0815
java.version=1.8.0_192
java.vendor=Oracle Corporation
BootLoader constants: OS=win32, ARCH=x86_64, WS=win32, NL=ja_JP
Framework arguments:  -product org.eclipse.epp.package.jee.product
Command-line arguments:  -os win32 -ws win32 -arch x86_64 -product org.eclipse.epp.package.jee.product

!ENTRY org.eclipse.jface 2 0 2020-03-08 15:52:05.620
!MESSAGE キーバインドの競合が発生しました。 通常のアクセラレーター操作を妨げる可能性があります。
!SUBENTRY 1 org.eclipse.jface 2 0 2020-03-08 15:52:05.620
!MESSAGE ALT+CTRL+Y の競合が発生しました:
Binding(ALT+CTRL+Y,
	ParameterizedCommand(Command(org.eclipse.swtbot.generator.client.commands.import.code,SWTBot コードのインポート,
		Imports code to editor and removes it from the client recorder view,
		Category(org.eclipse.core.commands.categories.autogenerated,カテゴリーなし,自動生成コマンドかカテゴリーを持たないコマンド,true),
		org.eclipse.ui.internal.WorkbenchHandlerServiceHandler@13b6f82d,
		,,true),null),
	org.eclipse.ui.defaultAcceleratorConfiguration,
	org.eclipse.ui.contexts.window,,,system)
Binding(ALT+CTRL+Y,
	ParameterizedCommand(Command(org.eclipse.team.svn.revision.graph.command.ShowRevisionGraphCommand,リビジョン・グラフの表示...,
		,
		Category(org.eclipse.team.svn.ui.command.category,SVN,null,true),
		org.eclipse.ui.internal.WorkbenchHandlerServiceHandler@2f062dbc,
		,,true),null),
	org.eclipse.ui.defaultAcceleratorConfiguration,
	org.eclipse.ui.contexts.window,,,system)
!SUBENTRY 1 org.eclipse.jface 2 0 2020-03-08 15:52:05.620
!MESSAGE CTRL+SHIFT+T の競合が発生しました:
Binding(CTRL+SHIFT+T,
	ParameterizedCommand(Command(org.eclipse.jdt.ui.navigate.open.type,型を開く,
		型を Java エディターで開きます,
		Category(org.eclipse.ui.category.navigate,ナビゲート,null,true),
		org.eclipse.ui.internal.WorkbenchHandlerServiceHandler@78e5b18,
		,,true),null),
	org.eclipse.ui.defaultAcceleratorConfiguration,
	org.eclipse.ui.contexts.window,,,system)
Binding(CTRL+SHIFT+T,
	ParameterizedCommand(Command(org.eclipse.lsp4e.symbolinworkspace,ワークスペース内のシンボルにジャンプ,
		,
		Category(org.eclipse.lsp4e.category,言語サーバー,null,true),
		org.eclipse.ui.internal.WorkbenchHandlerServiceHandler@352a2660,
		,,true),null),
	org.eclipse.ui.defaultAcceleratorConfiguration,
	org.eclipse.ui.contexts.window,,,system)

!ENTRY org.eclipse.jface.text 2 0 2020-03-08 15:52:13.445
!MESSAGE 重複テンプレート ID: 'org.eclipse.wst.xslt.templates.xpath.boolean'

!ENTRY org.eclipse.launchbar.core 2 0 2020-03-08 15:52:21.090
!MESSAGE Enablement expression is missing for config provider for org.eclipse.cdt.arduino.core.descriptorType

!ENTRY org.eclipse.launchbar.core 2 0 2020-03-08 15:52:21.189
!MESSAGE Enablement expression is missing for descriptor type org.eclipse.cdt.debug.core.coreBuildDescriptorType

!ENTRY org.eclipse.launchbar.core 2 0 2020-03-08 15:52:21.212
!MESSAGE Enablement expression is missing for config provider for org.eclipse.cdt.debug.core.coreBuildDescriptorType

!ENTRY org.eclipse.launchbar.core 2 0 2020-03-08 15:52:21.233
!MESSAGE Enablement expression is missing for config provider for org.eclipse.cdt.debug.core.coreBuildDescriptorType

!ENTRY org.eclipse.launchbar.core 2 0 2020-03-08 15:52:21.282
!MESSAGE Enablement expression is missing for config provider for org.eclipse.cdt.debug.core.coreBuildDescriptorType

!ENTRY org.eclipse.launchbar.core 2 0 2020-03-08 15:52:21.294
!MESSAGE Enablement expression is missing for config provider for org.eclipse.cdt.debug.core.coreBuildDescriptorType

!ENTRY org.python.pydev.shared_core 1 1 2020-03-08 15:52:24.958
!MESSAGE 存在しないファイルを追跡できません: C:\Eclipse\pleiades\python\2\lib\plat-win
!STACK 0
java.lang.RuntimeException: Unable to track file that does not exist: C:\Eclipse\pleiades\python\2\lib\plat-win
	at org.python.pydev.shared_core.log.Log.logInfo(Log.java:54)
	at org.python.pydev.shared_core.path_watch.PathWatch.track(PathWatch.java:316)
	at org.python.pydev.ast.codecompletion.revisited.SyncSystemModulesManagerScheduler.afterSetInfos(SyncSystemModulesManagerScheduler.java:459)
	at org.python.pydev.ast.codecompletion.revisited.SyncSystemModulesManagerScheduler.afterSetInfos(SyncSystemModulesManagerScheduler.java:440)
	at org.python.pydev.ast.codecompletion.revisited.SyncSystemModulesManagerScheduler.registerInterpreterManager(SyncSystemModulesManagerScheduler.java:66)
	at org.python.pydev.ast.codecompletion.revisited.SyncSystemModulesManagerScheduler.start(SyncSystemModulesManagerScheduler.java:88)
	at org.python.pydev.plugin.PydevPlugin$1.run(PydevPlugin.java:158)
	at org.eclipse.core.internal.jobs.Worker.run(Worker.java:63)
!SESSION 2020-03-22 10:49:16.849 -----------------------------------------------
eclipse.buildId=4.10.0.I20181206-0815
java.version=1.8.0_192
java.vendor=Oracle Corporation
BootLoader constants: OS=win32, ARCH=x86_64, WS=win32, NL=ja_JP
Framework arguments:  -product org.eclipse.epp.package.jee.product
Command-line arguments:  -os win32 -ws win32 -arch x86_64 -product org.eclipse.epp.package.jee.product

!ENTRY org.eclipse.jface 2 0 2020-03-22 10:49:57.194
!MESSAGE キーバインドの競合が発生しました。 通常のアクセラレーター操作を妨げる可能性があります。
!SUBENTRY 1 org.eclipse.jface 2 0 2020-03-22 10:49:57.194
!MESSAGE ALT+CTRL+Y の競合が発生しました:
Binding(ALT+CTRL+Y,
	ParameterizedCommand(Command(org.eclipse.swtbot.generator.client.commands.import.code,SWTBot コードのインポート,
		Imports code to editor and removes it from the client recorder view,
		Category(org.eclipse.core.commands.categories.autogenerated,カテゴリーなし,自動生成コマンドかカテゴリーを持たないコマンド,true),
		org.eclipse.ui.internal.WorkbenchHandlerServiceHandler@633332e2,
		,,true),null),
	org.eclipse.ui.defaultAcceleratorConfiguration,
	org.eclipse.ui.contexts.window,,,system)
Binding(ALT+CTRL+Y,
	ParameterizedCommand(Command(org.eclipse.team.svn.revision.graph.command.ShowRevisionGraphCommand,リビジョン・グラフの表示...,
		,
		Category(org.eclipse.team.svn.ui.command.category,SVN,null,true),
		org.eclipse.ui.internal.WorkbenchHandlerServiceHandler@591e3e5e,
		,,true),null),
	org.eclipse.ui.defaultAcceleratorConfiguration,
	org.eclipse.ui.contexts.window,,,system)
!SUBENTRY 1 org.eclipse.jface 2 0 2020-03-22 10:49:57.194
!MESSAGE CTRL+SHIFT+T の競合が発生しました:
Binding(CTRL+SHIFT+T,
	ParameterizedCommand(Command(org.eclipse.jdt.ui.navigate.open.type,型を開く,
		型を Java エディターで開きます,
		Category(org.eclipse.ui.category.navigate,ナビゲート,null,true),
		org.eclipse.ui.internal.WorkbenchHandlerServiceHandler@a308ffd,
		,,true),null),
	org.eclipse.ui.defaultAcceleratorConfiguration,
	org.eclipse.ui.contexts.window,,,system)
Binding(CTRL+SHIFT+T,
	ParameterizedCommand(Command(org.eclipse.lsp4e.symbolinworkspace,ワークスペース内のシンボルにジャンプ,
		,
		Category(org.eclipse.lsp4e.category,言語サーバー,null,true),
		org.eclipse.ui.internal.WorkbenchHandlerServiceHandler@36e8e3e1,
		,,true),null),
	org.eclipse.ui.defaultAcceleratorConfiguration,
	org.eclipse.ui.contexts.window,,,system)

!ENTRY org.eclipse.jface.text 2 0 2020-03-22 10:50:01.512
!MESSAGE 重複テンプレート ID: 'org.eclipse.wst.xslt.templates.xpath.boolean'

!ENTRY org.eclipse.launchbar.core 2 0 2020-03-22 10:50:05.607
!MESSAGE Enablement expression is missing for config provider for org.eclipse.cdt.arduino.core.descriptorType

!ENTRY org.eclipse.launchbar.core 2 0 2020-03-22 10:50:05.628
!MESSAGE Enablement expression is missing for descriptor type org.eclipse.cdt.debug.core.coreBuildDescriptorType

!ENTRY org.eclipse.launchbar.core 2 0 2020-03-22 10:50:05.659
!MESSAGE Enablement expression is missing for config provider for org.eclipse.cdt.debug.core.coreBuildDescriptorType

!ENTRY org.eclipse.launchbar.core 2 0 2020-03-22 10:50:05.706
!MESSAGE Enablement expression is missing for config provider for org.eclipse.cdt.debug.core.coreBuildDescriptorType

!ENTRY org.eclipse.launchbar.core 2 0 2020-03-22 10:50:05.791
!MESSAGE Enablement expression is missing for config provider for org.eclipse.cdt.debug.core.coreBuildDescriptorType

!ENTRY org.eclipse.launchbar.core 2 0 2020-03-22 10:50:05.831
!MESSAGE Enablement expression is missing for config provider for org.eclipse.cdt.debug.core.coreBuildDescriptorType

!ENTRY org.python.pydev.shared_core 1 1 2020-03-22 10:50:09.333
!MESSAGE 存在しないファイルを追跡できません: C:\Eclipse\pleiades\python\2\lib\plat-win
!STACK 0
java.lang.RuntimeException: Unable to track file that does not exist: C:\Eclipse\pleiades\python\2\lib\plat-win
	at org.python.pydev.shared_core.log.Log.logInfo(Log.java:54)
	at org.python.pydev.shared_core.path_watch.PathWatch.track(PathWatch.java:316)
	at org.python.pydev.ast.codecompletion.revisited.SyncSystemModulesManagerScheduler.afterSetInfos(SyncSystemModulesManagerScheduler.java:459)
	at org.python.pydev.ast.codecompletion.revisited.SyncSystemModulesManagerScheduler.afterSetInfos(SyncSystemModulesManagerScheduler.java:440)
	at org.python.pydev.ast.codecompletion.revisited.SyncSystemModulesManagerScheduler.registerInterpreterManager(SyncSystemModulesManagerScheduler.java:66)
	at org.python.pydev.ast.codecompletion.revisited.SyncSystemModulesManagerScheduler.start(SyncSystemModulesManagerScheduler.java:88)
	at org.python.pydev.plugin.PydevPlugin$1.run(PydevPlugin.java:158)
	at org.eclipse.core.internal.jobs.Worker.run(Worker.java:63)
